<?xml version="1.0" encoding="UTF-8"?>
<!-- Generated by org.testng.reporters.JUnitReportReporter -->
<testsuite skipped="1" hostname="DESKTOP-DMDE68C" name="com.qa.hubspot.tests.LoginPageTest" tests="4" failures="0" timestamp="15 Apr 2020 10:10:01 GMT" time="20.369" errors="0">
  <testcase name="verifyLoginPageTitleTest" time="8.264" classname="com.qa.hubspot.tests.LoginPageTest"/>
  <testcase name="verifySignUpLinkTest" time="0.932" classname="com.qa.hubspot.tests.LoginPageTest"/>
  <testcase name="loginTest" time="11.173" classname="com.qa.hubspot.tests.LoginPageTest"/>
  <testcase name="login_InvalidTestCases" classname="com.qa.hubspot.tests.LoginPageTest">
    <skipped/>
  </testcase> <!-- login_InvalidTestCases -->
</testsuite> <!-- com.qa.hubspot.tests.LoginPageTest -->
