<?xml version="1.0" encoding="UTF-8"?>
<!-- Generated by org.testng.reporters.JUnitReportReporter -->
<testsuite skipped="1" hostname="DESKTOP-DMDE68C" name="com.qa.hubspot.tests.LoginPageTest" tests="4" failures="0" timestamp="20 Apr 2020 13:49:33 GMT" time="18.780" errors="0">
  <testcase name="verifyLoginPageTitleTest" time="6.223" classname="com.qa.hubspot.tests.LoginPageTest"/>
  <testcase name="verifySignUpLinkTest" time="0.852" classname="com.qa.hubspot.tests.LoginPageTest"/>
  <testcase name="loginTest" time="11.705" classname="com.qa.hubspot.tests.LoginPageTest"/>
  <testcase name="login_InvalidTestCases" classname="com.qa.hubspot.tests.LoginPageTest">
    <skipped/>
  </testcase> <!-- login_InvalidTestCases -->
</testsuite> <!-- com.qa.hubspot.tests.LoginPageTest -->
