<?xml version="1.0" encoding="UTF-8"?>
<!-- Generated by org.testng.reporters.JUnitReportReporter -->
<testsuite skipped="0" hostname="DESKTOP-DMDE68C" name="com.qa.hubspot.tests.HomePageTest" tests="3" failures="0" timestamp="14 Apr 2020 18:13:34 GMT" time="2.725" errors="0">
  <testcase name="verifyHomePageTitleTest" time="0.028" classname="com.qa.hubspot.tests.HomePageTest"/>
  <testcase name="verifyHomePageHeaderTest" time="0.667" classname="com.qa.hubspot.tests.HomePageTest"/>
  <testcase name="verifyLoggedInUserTest" time="2.030" classname="com.qa.hubspot.tests.HomePageTest"/>
</testsuite> <!-- com.qa.hubspot.tests.HomePageTest -->
