<?xml version="1.0" encoding="UTF-8"?>
<!-- Generated by org.testng.reporters.JUnitReportReporter -->
<testsuite skipped="2" hostname="DESKTOP-DMDE68C" name="com.qa.hubspot.tests.ContactsPageTest" tests="2" failures="0" timestamp="14 Apr 2020 16:28:14 GMT" time="0.000" errors="0">
  <testcase name="verifyContactsPageTitle" time="0.000" classname="com.qa.hubspot.tests.ContactsPageTest">
    <skipped/>
  </testcase> <!-- verifyContactsPageTitle -->
  <testcase name="createContactsTest" time="0.000" classname="com.qa.hubspot.tests.ContactsPageTest">
    <skipped/>
  </testcase> <!-- createContactsTest -->
</testsuite> <!-- com.qa.hubspot.tests.ContactsPageTest -->
